<?xml version="1.0" encoding="UTF-8"?>
<testsuite name="TestShortestPath" tests="3" skipped="0" failures="0" errors="0" timestamp="2019-02-18T00:27:49" hostname="albany" time="0.018">
  <properties/>
  <testcase name="TestDijk" classname="TestShortestPath" time="0.006"/>
  <testcase name="TestDijk2" classname="TestShortestPath" time="0.003"/>
  <testcase name="TestDijk3" classname="TestShortestPath" time="0.007"/>
  <system-out><![CDATA[aaa:4563
null
{uu:1234=aaa:4563, aaaaa:1234=aaa:4563, bbbb:4563=aaa:4563, gg:4563=aaa:4563, aaa:4563=aaa:4563, ss:4563=aaa:4563, owo:1234=aaa:4563}
Printing edges
3 1:1 2:2
3 2:2 3:3
9 3:3 1:1
4 4:4 3:3
Printing vertexes
2147483647 1:1
2147483647 2:2
2147483647 3:3
2147483647 4:4
Printing shortest distances to nodes
0 cost to get to 1:1
3 cost to get to 2:2
6 cost to get to 3:3
10 cost to get to 4:4
[1:1, 2:2]
[1:1, 2:2, 3:3]
[1:1, 2:2, 3:3, 4:4]
2:2
]]></system-out>
  <system-err><![CDATA[]]></system-err>
</testsuite>
