<?xml version="1.0" encoding="UTF-8"?>
<testsuite name="TestEventFactory" tests="8" skipped="0" failures="0" errors="0" timestamp="2019-02-11T03:31:43" hostname="eel" time="0.002">
  <properties/>
  <testcase name="testFactory" classname="TestEventFactory" time="0.0"/>
  <testcase name="testFactoryBrokenEvent" classname="TestEventFactory" time="0.0"/>
  <testcase name="testFactory2" classname="TestEventFactory" time="0.0"/>
  <testcase name="testFactory3" classname="TestEventFactory" time="0.0"/>
  <testcase name="testFactory4" classname="TestEventFactory" time="0.0"/>
  <testcase name="testFactory5" classname="TestEventFactory" time="0.0"/>
  <testcase name="testFactory6" classname="TestEventFactory" time="0.0"/>
  <testcase name="testFactory7" classname="TestEventFactory" time="0.0"/>
  <system-out><![CDATA[]]></system-out>
  <system-err><![CDATA[]]></system-err>
</testsuite>
