<?xml version="1.0" encoding="UTF-8"?>
<testsuite name="TestStartup" tests="2" skipped="0" failures="0" errors="0" timestamp="2019-02-06T22:05:28" hostname="maserati" time="0.009">
  <properties/>
  <testcase name="testTesting" classname="TestStartup" time="0.002"/>
  <testcase name="testRegistryMessenger" classname="TestStartup" time="0.007"/>
  <system-out><![CDATA[HIHIHI
Server started on port: 1028
1028
ServerSocket[addr=0.0.0.0/0.0.0.0,localport=1028]
Server started on port: 1029
ServerSocket[addr=0.0.0.0/0.0.0.0,localport=1029]
]]></system-out>
  <system-err><![CDATA[]]></system-err>
</testsuite>
