<?xml version="1.0" encoding="UTF-8"?>
<testsuite name="TestStartup" tests="1" skipped="0" failures="0" errors="0" timestamp="2019-01-29T22:05:51" hostname="earth" time="0.005">
  <properties/>
  <testcase name="evaluatesExpression" classname="TestStartup" time="0.005"/>
  <system-out><![CDATA[HIHIHI
]]></system-out>
  <system-err><![CDATA[]]></system-err>
</testsuite>
