<?xml version="1.0" encoding="UTF-8"?>
<testsuite name="TestStartup" tests="2" skipped="0" failures="0" errors="0" timestamp="2019-02-08T22:55:22" hostname="porsche" time="0.007">
  <properties/>
  <testcase name="testTesting" classname="TestStartup" time="0.0"/>
  <testcase name="testRegistryMessenger" classname="TestStartup" time="0.007"/>
  <system-out><![CDATA[HIHIHI
Server started on port: 1024
1024
ServerSocket[addr=0.0.0.0/0.0.0.0,localport=1024]
Server started on port: 1025
ServerSocket[addr=0.0.0.0/0.0.0.0,localport=1025]
]]></system-out>
  <system-err><![CDATA[]]></system-err>
</testsuite>
